Warning: Tag `SYMBOL_CACHE_SIZE' at line 288 of file /home/travis/build/ubneutrinos/searchingfornues/conf.doxy has become obsolete.
To avoid this warning please remove this line from your configuration file or upgrade it using "doxygen -u"
Warning: Tag `SHOW_DIRECTORIES' at line 476 of file /home/travis/build/ubneutrinos/searchingfornues/conf.doxy has become obsolete.
To avoid this warning please remove this line from your configuration file or upgrade it using "doxygen -u"
Warning: Tag `HTML_ALIGN_MEMBERS' at line 807 of file /home/travis/build/ubneutrinos/searchingfornues/conf.doxy has become obsolete.
To avoid this warning please remove this line from your configuration file or upgrade it using "doxygen -u"
Warning: Tag `USE_INLINE_TREES' at line 960 of file /home/travis/build/ubneutrinos/searchingfornues/conf.doxy has become obsolete.
To avoid this warning please remove this line from your configuration file or upgrade it using "doxygen -u"
Warning: doxygen no longer ships with the FreeSans font.
You may want to clear or change DOT_FONTNAME.
Otherwise you run the risk that the wrong font is being used for dot generated graphs.
Warning: tag INPUT: input source `/home/travis/build/ubneutrinos/searchingfornues/searchingfornues' does not exist
warning: source /home/travis/build/ubneutrinos/searchingfornues/searchingfornues is not a readable file or directory... skipping.
Searching for include files...
Searching for example files...
Searching for images...
Searching for dot files...
Searching for msc files...
Searching for dia files...
Searching for files to exclude
Searching for files to process...
Reading and parsing tag files
Parsing files
Building group list...
Building directory list...
Building namespace list...
Building file list...
Building class list...
Associating documentation with classes...
Computing nesting relations for classes...
Building example list...
Searching for enumerations...
Searching for documented typedefs...
Searching for members imported via using declarations...
Searching for included using directives...
Searching for documented variables...
Building interface member list...
Building member list...
Searching for friends...
Searching for documented defines...
Computing class inheritance relations...
Computing class usage relations...
Flushing cached template relations that have become invalid...
Creating members for template instances...
Computing class relations...
Add enum values to enums...
Searching for member function documentation...
Building page list...
Search for main page...
Computing page relations...
Determining the scope of groups...
Sorting lists...
Freeing entry tree
Determining which enums are documented
Computing member relations...
Building full member lists recursively...
Adding members to member groups.
Computing member references...
Inheriting documentation...
Generating disk names...
Adding source references...
Adding xrefitems...
Sorting member lists...
Computing dependencies between directories...
Generating citations page...
Counting data structures...
Resolving user defined references...
Finding anchors and sections in the documentation...
Transferring function references...
Combining using relations...
Adding members to index pages...
Generating style sheet...
Generating search indices...
Generating example documentation...
Generating file sources...
Generating file documentation...
Generating page documentation...
Generating group documentation...
Generating class documentation...
Generating namespace index...
Generating graph info page...
Generating directory documentation...
Generating index page...
Generating page index...
Generating module index...
Generating namespace index...
Generating namespace member index...
Generating annotated compound index...
Generating alphabetical compound index...
Generating hierarchical class index...
Generating member index...
Generating file index...
Generating file member index...
Generating example index...
finalizing index lists...
lookup cache used 0/65536 hits=0 misses=0
finished...
